20221016	03:18:20	1cffcc2a-c3d5-4891-863c-b88f45fe483c	Error: ENOENT: no such file or directory, stat 'C:\Users\Windows 10\Desktop\react-forum\backend\views\404.html'	GET	/admin/Test	undefined
20221016	03:18:31	783c848b-b90b-46fa-a4b7-03a82d61c576	Error: ENOENT: no such file or directory, stat 'C:\Users\Windows 10\Desktop\react-forum\backend\views\404.html'	GET	/admin/Test	undefined
20221016	04:01:03	3bb99de7-59e0-4153-9eee-c0eadfeab6a5	Error: ENOENT: no such file or directory, stat 'C:\Users\Windows 10\Desktop\react-forum\backend\views\404.html'	GET	/admin/Test	undefined
20221016	04:10:05	f2679caa-293c-4a8c-9170-16a9f60ac190	Error: ENOENT: no such file or directory, stat 'C:\Users\Windows 10\Desktop\react-forum\backend\views\404.html'	GET	/admin/Test	undefined
20221016	19:00:10	0c8b6421-4518-46f6-8b09-664359759771	TypeError: Cannot read properties of undefined (reading 'length')	GET	/api/users/stateofuser	http://localhost:3000
20221016	19:00:12	6c0ca2a3-571c-4a0b-8df1-db8091325cd4	TypeError: Cannot read properties of undefined (reading 'length')	GET	/api/users/stateofuser	http://localhost:3000
20221016	19:00:16	cfaaa029-684e-4661-bfe3-fdd0211d2cc8	TypeError: Cannot read properties of undefined (reading 'length')	GET	/api/users/stateofuser	http://localhost:3000
20221016	19:00:19	a2dfec21-f909-419a-990c-364353831fce	TypeError: Cannot read properties of undefined (reading 'length')	GET	/api/users/stateofuser	http://localhost:3000
20221016	19:30:39	77a42a86-9c8a-42b9-93e9-5b04d4f0a03f	Error: ENOENT: no such file or directory, stat 'C:\Users\Windows 10\Desktop\react-forum\backend\views\404.html'	GET	/api/category/getMessagesByRoomId/	http://localhost:3000
20221016	19:30:45	b2235378-21f5-460a-8578-0927696a454d	Error: ENOENT: no such file or directory, stat 'C:\Users\Windows 10\Desktop\react-forum\backend\views\404.html'	GET	/	http://localhost:3000
20221016	19:30:53	bba9badd-4772-409a-9641-c2cac9ef18ff	Error: ENOENT: no such file or directory, stat 'C:\Users\Windows 10\Desktop\react-forum\backend\views\404.html'	GET	/	http://localhost:3000
20221016	19:30:53	9568f025-9534-4488-88cf-909143fc7ca4	Error: ENOENT: no such file or directory, stat 'C:\Users\Windows 10\Desktop\react-forum\backend\views\404.html'	GET	/	http://localhost:3000
20221016	19:30:56	1d91af0a-232c-4906-bf9b-7d58c1150fe3	Error: ENOENT: no such file or directory, stat 'C:\Users\Windows 10\Desktop\react-forum\backend\views\404.html'	GET	/	http://localhost:3000
20221016	19:31:04	79099639-5468-464a-9650-2a19dd1661e9	Error: ENOENT: no such file or directory, stat 'C:\Users\Windows 10\Desktop\react-forum\backend\views\404.html'	GET	/api/category/getMessagesByRoomId/	http://localhost:3000
20221016	19:31:04	6ba09370-429e-467b-9b2f-4315b598880e	Error: ENOENT: no such file or directory, stat 'C:\Users\Windows 10\Desktop\react-forum\backend\views\404.html'	GET	/	http://localhost:3000
20221016	19:33:28	603acdf4-97c9-45cc-948b-52a567603ccb	Error: ENOENT: no such file or directory, stat 'C:\Users\Windows 10\Desktop\react-forum\backend\views\404.html'	GET	/admin/Test	undefined
20221016	19:35:49	2c123f96-3ba7-402f-bd8f-0d2bfd14c577	Error: ENOENT: no such file or directory, stat 'C:\Users\Windows 10\Desktop\react-forum\backend\views\404.html'	GET	/admin/Test	undefined
20221017	23:58:20	f21c5d92-3530-4f71-b8e2-a69fa6aaf39a	ReferenceError: req is not defined	POST	/api/users/addNews	http://localhost:3000
20221018	00:58:48	84ebef4e-3773-4a3a-ba1c-7982d9f1a528	Error: ENOENT: no such file or directory, stat 'C:\Users\Windows 10\Desktop\react-forum\backend\views\404.html'	POST	/api/users/deleteNews	http://localhost:3000
20221018	00:59:03	2d7639fe-99d9-4a29-adb0-944d72f39a36	Error: ENOENT: no such file or directory, stat 'C:\Users\Windows 10\Desktop\react-forum\backend\views\404.html'	POST	/api/users/deleteNews	http://localhost:3000
20221018	02:44:35	a6dc989d-b7ba-4b1a-9630-d7800a273c60	TypeError: Cannot read properties of undefined (reading 'sid')	GET	/api/users/newsList	http://localhost:3000
20221018	03:48:14	f15fcdb2-123b-4f26-bc6a-316f2f8796d0	Error: ENOENT: no such file or directory, stat 'C:\Users\Windows 10\Desktop\react-forum\backend\views\404.html'	GET	/admin/Test	undefined
20221018	04:05:57	8fe929e2-5ff1-4e7d-a92a-2df31567d241	Error: ENOENT: no such file or directory, stat 'C:\Users\Windows 10\Desktop\react-forum\backend\views\404.html'	GET	/admin/Test	undefined
20221018	17:49:36	b6c56e7a-3729-41ca-9963-5d08ecdc6ee8	Error: ENOENT: no such file or directory, stat 'C:\Users\Windows 10\Desktop\react-forum\backend\views\404.html'	GET	/admin/Test	undefined
20221018	23:45:45	892376f1-a36e-4c0f-9557-c8637b8c8286	TypeError: fullDateNumber.toISOString is not a function	POST	/api/users/banUserFunction	http://localhost:3000
20221019	00:43:16	dfbd8a35-3fb3-4a2e-b558-7089237525c0	Error: ENOENT: no such file or directory, stat 'C:\Users\Windows 10\Desktop\react-forum\backend\views\404.html'	GET	/admin/Test	undefined
20221019	01:56:46	78f8a220-70e8-4ee9-ae50-09c04b4001fa	Error: ENOENT: no such file or directory, stat 'C:\Users\Windows 10\Desktop\react-forum\backend\views\404.html'	GET	/admin/Test	undefined
20221019	03:49:06	7cce1f57-bd52-4d5b-be90-1337c8758761	Error: ENOENT: no such file or directory, stat 'C:\Users\Windows 10\Desktop\react-forum\backend\views\404.html'	GET	/admin/Test	undefined
20221019	03:52:51	9db9a807-43e1-474e-a22f-2e8a341fc27a	Error: ENOENT: no such file or directory, stat 'C:\Users\Windows 10\Desktop\react-forum\backend\views\404.html'	GET	/admin/Test	undefined
20221019	04:19:17	9b6b3ec9-1a56-4d75-9f89-cafe8323b2e6	Error: ENOENT: no such file or directory, stat 'C:\Users\Windows 10\Desktop\react-forum\backend\views\404.html'	GET	/admin/Test	undefined
20221019	04:25:01	7bd285b9-4a0e-4c10-860f-cc5d5fa8dd41	Error: ENOENT: no such file or directory, stat 'C:\Users\Windows 10\Desktop\react-forum\backend\views\404.html'	GET	/admin/Test	undefined
20221019	04:34:02	ea932096-8196-460a-83a5-84be82baae4f	Error: ENOENT: no such file or directory, stat 'C:\Users\Windows 10\Desktop\react-forum\backend\views\404.html'	GET	/admin/Test	undefined
20221019	04:34:08	f48db094-cbdb-4281-b414-c12b9413f383	Error: ENOENT: no such file or directory, stat 'C:\Users\Windows 10\Desktop\react-forum\backend\views\404.html'	GET	/admin/Test	undefined
20221019	04:35:15	527566f0-e529-4264-8faa-faeb892afd34	Error: ENOENT: no such file or directory, stat 'C:\Users\Windows 10\Desktop\react-forum\backend\views\404.html'	GET	/admin/Test	undefined
20221019	04:35:19	06082916-5294-4fcd-a963-e59f0e0c2269	Error: ENOENT: no such file or directory, stat 'C:\Users\Windows 10\Desktop\react-forum\backend\views\404.html'	GET	/admin/Test	undefined
20221019	04:37:56	71969e11-e691-4fb8-af34-60f50f35a331	Error: ENOENT: no such file or directory, stat 'C:\Users\Windows 10\Desktop\react-forum\backend\views\404.html'	GET	/admin/Test	undefined
20221020	01:10:10	57460463-1d3b-4b72-a5d6-65ff1b14c1a8	Error: ENOENT: no such file or directory, stat 'C:\Users\Windows 10\Desktop\react-forum\backend\views\404.html'	GET	/admin/Test	undefined
20221020	01:10:14	b4a7f727-ffce-4073-a721-b5b1618cfd77	Error: ENOENT: no such file or directory, stat 'C:\Users\Windows 10\Desktop\react-forum\backend\views\404.html'	GET	/admin/Test	undefined
20221020	01:10:49	c2b8ead1-b6fa-4e15-992a-8ae4d40bea87	Error: ENOENT: no such file or directory, stat 'C:\Users\Windows 10\Desktop\react-forum\backend\views\404.html'	GET	/admin/Test	undefined
20221020	03:21:44	58802878-83f2-4ad9-a96d-e364e2b8c229	Error: ENOENT: no such file or directory, stat 'C:\Users\Windows 10\Desktop\react-forum\backend\views\404.html'	GET	/admin/Test	undefined
20221020	03:22:29	ecf7b67b-2676-4079-8f00-bf117d821416	Error: ENOENT: no such file or directory, stat 'C:\Users\Windows 10\Desktop\react-forum\backend\views\404.html'	GET	/admin/Test	undefined
20221020	04:04:53	b7776f4c-428c-4c26-b61a-4cac05ba0cb9	Error: ENOENT: no such file or directory, stat 'C:\Users\Windows 10\Desktop\react-forum\backend\views\404.html'	GET	/admin/Test	undefined
20221020	05:38:07	d4a134e1-687f-414d-896b-c66f55940a0d	Error: ENOENT: no such file or directory, stat 'C:\Users\Windows 10\Desktop\react-forum\backend\views\404.html'	GET	/admin/Test	undefined
20221020	05:46:11	f9b7b3db-cc08-4c09-9b0c-777084a43551	Error: ENOENT: no such file or directory, stat 'C:\Users\Windows 10\Desktop\react-forum\backend\views\404.html'	GET	/admin/Test	undefined
20221020	16:58:16	0c2d9eb0-4b8d-4240-8d5c-d8490124b6b8	Error: ENOENT: no such file or directory, stat 'C:\Users\Windows 10\Desktop\react-forum\backend\views\404.html'	GET	/admin/Test	undefined
20221020	16:59:09	2986cf29-1d59-4b3b-ab3a-228321201e8a	Error: ENOENT: no such file or directory, stat 'C:\Users\Windows 10\Desktop\react-forum\backend\views\404.html'	GET	/admin/Test	undefined
20221020	17:01:53	3f441f54-f23f-4b0d-bcf8-635f25822855	TypeError: Cannot read properties of undefined (reading 'Administrator')	GET	/api/users/getUsersList	http://localhost:3000
20221020	17:02:07	27f0426a-3ede-47e8-97c0-ba67dac33436	Error: ENOENT: no such file or directory, stat 'C:\Users\Windows 10\Desktop\react-forum\backend\views\404.html'	GET	/admin/Test	undefined
20221020	17:06:48	e35ff049-320b-4f89-9f39-add00b0abcb7	Error: ENOENT: no such file or directory, stat 'C:\Users\Windows 10\Desktop\react-forum\backend\views\404.html'	GET	/admin/Test	undefined
20221020	17:34:59	4c35d869-29ff-4d98-b163-bf96fe3bad8f	Error: ENOENT: no such file or directory, stat 'C:\Users\Windows 10\Desktop\react-forum\backend\views\404.html'	GET	/admin/Test	undefined
20221020	17:39:33	cebe702b-44bb-421c-b784-16cf60bd8cc1	Error: ENOENT: no such file or directory, stat 'C:\Users\Windows 10\Desktop\react-forum\backend\views\404.html'	GET	/admin/Test	undefined
20221020	17:40:31	f8362390-0ac6-4ab9-b636-a9ef7e206887	Error: ENOENT: no such file or directory, stat 'C:\Users\Windows 10\Desktop\react-forum\backend\views\404.html'	GET	/admin/Test	undefined
20221021	01:20:22	8cc632de-3dc0-499f-bb93-2f1128de27de	Error: ENOENT: no such file or directory, stat 'C:\Users\Windows 10\Desktop\react-forum\backend\views\404.html'	GET	/admin/Test	undefined
20221021	01:28:05	fb1b92bf-75b4-4e22-b4c3-e0d052d7c802	Error: ENOENT: no such file or directory, stat 'C:\Users\Windows 10\Desktop\react-forum\backend\views\404.html'	GET	/admin/Test	undefined
20221021	01:41:20	4e0f9a7e-779b-4c9a-b68f-3ea665235776	Error: ENOENT: no such file or directory, stat 'C:\Users\Windows 10\Desktop\react-forum\backend\views\404.html'	GET	/admin/Test	undefined
20221024	21:23:47	ddd26d26-ea36-46ff-8f0f-a8c073ddb9e2	Error: ENOENT: no such file or directory, stat 'C:\Users\Windows 10\Desktop\react-forum\backend\views\404.html'	POST	/api/category/category/Zahtev%20za%20vracanje%20statsa/aha	undefined
20221024	21:23:56	240ba8bb-ced0-4a26-a96a-f613b3004e02	Error: ENOENT: no such file or directory, stat 'C:\Users\Windows 10\Desktop\react-forum\backend\views\404.html'	GET	/api/category/category/Zahtev%20za%20vracanje%20statsa/aha	undefined
20221024	21:24:02	a853e9e7-fe85-4163-865c-293676678925	Error: ENOENT: no such file or directory, stat 'C:\Users\Windows 10\Desktop\react-forum\backend\views\404.html'	GET	/api/category/category/Zahtev%20za%20vracanje%20statsa/aha	undefined
20221027	01:58:13	dde87e6e-6956-4d99-8501-05a3f5ce9c02	Error: ENOENT: no such file or directory, stat 'C:\Users\Windows 10\Desktop\react-forum\backend\views\404.html'	GET	/admin/Test	undefined
20221028	02:34:43	2387079a-8e5c-4f89-9d47-941242d0d52f	TypeError: logEvents is not a function	GET	/api/category/category/Firme%20Biznisi	undefined
20221028	02:34:43	73ce56cb-c16d-4fa7-a842-97ec12472a78	TypeError: logEvents is not a function	GET	/api/category/category/Firme%20Biznisi	undefined
20221028	02:37:21	385f6eb1-43c4-40be-a17e-145877d13736	Too Many Requests: Too many login attempts from this IP, please try again after a 60 second pause	GET	/api/category/category/Firme%20Biznisi	undefined
20221028	02:37:52	bb3becc0-6ef1-45d2-a323-eb33b1bd8f5c	Too Many Requests: Too many login attempts from this IP, please try again after a 60 second pause	GET	/api/category/lastmessagesglobal	http://localhost:3000
20221028	02:37:54	2f32b9fc-ed21-4d1f-b88d-621c428e1bab	Too Many Requests: Too many login attempts from this IP, please try again after a 60 second pause	GET	/api/users/stateofuser	http://localhost:3000
20221028	02:37:54	28a59bf6-a7d4-4d53-ba83-d9f4c312cc99	Too Many Requests: Too many login attempts from this IP, please try again after a 60 second pause	GET	/api/users/stateofuser	http://localhost:3000
20221028	02:37:54	e7cef648-9f6c-4b2e-a375-3116203473ab	Too Many Requests: Too many login attempts from this IP, please try again after a 60 second pause	GET	/api/users/stateofuser	http://localhost:3000
20221028	02:39:29	f13f7f4d-d100-4b93-9a93-edca736a3268	Too Many Requests: Too many login attempts from this IP, please try again after a 60 second pause	GET	/api/category/lastmessagesglobal	http://localhost:3000
20221028	02:41:14	1a297160-ec85-4a1e-b9ab-daf9a23986cb	Too Many Requests: Too many login attempts from this IP, please try again after a 60 second pause	GET	/api/category/lastmessagesglobal	http://localhost:3000
20221028	02:41:33	565782e2-3e23-49fc-9fc2-72d4059b281b	Too Many Requests: Too many login attempts from this IP, please try again after a 60 second pause	GET	/api/category/category/Pravila	http://localhost:3000
20221028	02:41:33	183b03ac-b480-4f53-ab7e-057d96427373	Too Many Requests: Too many login attempts from this IP, please try again after a 60 second pause	GET	/api/category/getsubcategories/Pravila	http://localhost:3000
20221028	02:41:33	814e3bde-5b49-464f-beb1-e101f2638d71	Too Many Requests: Too many login attempts from this IP, please try again after a 60 second pause	GET	/api/category/themePerCategory/Pravila	http://localhost:3000
20221028	02:41:33	a989b3e2-2d2d-43d0-998a-be88149ac24c	Too Many Requests: Too many login attempts from this IP, please try again after a 60 second pause	GET	/api/category/postsPerTheme/Pravila	http://localhost:3000
20221028	02:42:50	75ac8596-bad3-4516-8f07-bb649c6fb90b	Too Many Requests: Too many login attempts from this IP, please try again after a 60 second pause	GET	/api/users/stateofuser	http://localhost:3000
20221028	02:42:50	bec5cc21-43b7-450e-af43-76b22097692c	Too Many Requests: Too many login attempts from this IP, please try again after a 60 second pause	GET	/api/users/stateofuser	http://localhost:3000
20221028	02:46:03	874d15a1-5764-433f-a3d4-e9aa1e044d72	Too Many Requests: Too many login attempts from this IP, please try again after a 60 second pause	GET	/api/users/stateofuser	http://localhost:3000
20221028	02:46:03	78f18a35-6198-4bb3-963e-c92db4807228	Too Many Requests: Too many login attempts from this IP, please try again after a 60 second pause	GET	/api/users/stateofuser	http://localhost:3000
20221028	02:48:23	f83528b7-c4de-485b-86b4-0d31193383a3	Too Many Requests: Too many login attempts from this IP, please try again after a 60 second pause	GET	/api/category/category/Firme%20Biznisi	undefined
20221028	02:48:24	57a5ea01-1f1b-4069-9082-9e117e629ec6	Too Many Requests: Too many login attempts from this IP, please try again after a 60 second pause	GET	/api/category/category/Firme%20Biznisi	undefined
20221028	02:48:25	c55c42a0-825a-4095-8ad8-4fcaf1df4844	Too Many Requests: Too many login attempts from this IP, please try again after a 60 second pause	GET	/api/category/category/Firme%20Biznisi	undefined
20221028	02:48:25	c69ac9c5-d4d4-46ac-b536-0de33a6ba825	Too Many Requests: Too many login attempts from this IP, please try again after a 60 second pause	GET	/api/category/category/Firme%20Biznisi	undefined
20221028	02:48:25	8bb57a93-c422-4f73-92bf-d3dde69db0bb	Too Many Requests: Too many login attempts from this IP, please try again after a 60 second pause	GET	/api/category/category/Firme%20Biznisi	undefined
20221028	02:49:00	3ea37d05-5bf3-4248-bf5e-60a3acee60de	Too Many Requests: Too many login attempts from this IP, please try again after a 60 second pause	GET	/api/users/stateofuser	http://localhost:3000
20221028	02:49:00	d88e0a12-ef28-4f66-8018-fd039c94d71e	Too Many Requests: Too many login attempts from this IP, please try again after a 60 second pause	GET	/api/users/stateofuser	http://localhost:3000
20221028	03:20:04	4bcd5063-4cc8-43d5-8b61-16557ee7a320	Too Many Requests: Too many login attempts from this IP, please try again after a 60 second pause	GET	/api/users/stateofuser	http://localhost:3000
20221028	03:20:04	ce316cc5-87ce-47bf-b251-b537b6444407	Too Many Requests: Too many login attempts from this IP, please try again after a 60 second pause	GET	/api/users/stateofuser	http://localhost:3000
20221028	03:23:40	f698bf81-b1f1-482e-8051-d1401bef38aa	Too Many Requests: Too many login attempts from this IP, please try again after a 60 second pause	POST	/loginHandler	http://localhost:3000
20221028	03:24:48	c71dde7b-bbb9-4596-b6cd-fd04f13bcf8b	Too Many Requests: Too many login attempts from this IP, please try again after a 60 second pause	POST	/loginHandler	http://localhost:3000
20221028	03:38:07	28661e97-46fa-4111-8644-2aa39f5cd95c	Too Many Requests: Too many login attempts from this IP, please try again after a 60 second pause	POST	/loginHandler	http://localhost:3000
20221028	03:39:26	4c3b0e4d-ec72-462a-922b-25788ee297f0	Too Many Requests: Too many login attempts from this IP, please try again after a 60 second pause	POST	/loginHandler	http://localhost:3000
20221028	22:00:26	f72c4af9-6c9a-4cf0-af9f-a9e8b940cef0	Too Many Requests: Too many login attempts from this IP, please try again after a 60 second pause	POST	/loginHandler	http://localhost:3000
20221028	22:08:55	1f3b6069-ff8e-4908-be47-0ab36551f794	Too Many Requests: Too many login attempts from this IP, please try again after a 60 second pause	POST	/postcategory	http://localhost:3000
20221028	22:38:05	c5d1bfc8-31fb-4af3-a0f0-17a3d235b19f	Too Many Requests: Too many login attempts from this IP, please try again after a 60 second pause	POST	/postbyuser	http://localhost:3000
20221028	22:38:08	b40bca09-ab37-4350-8a65-50528f69d1fb	Too Many Requests: Too many login attempts from this IP, please try again after a 60 second pause	POST	/postbyuser	http://localhost:3000
20221028	22:48:21	1c9e5563-d709-4354-bba6-c903cede7561	Too Many Requests: Too many login attempts from this IP, please try again after a 60 second pause	POST	/postbyuser	http://localhost:3000
20221028	22:49:26	d0d4f76c-c529-4ecb-8229-8a07b55cd8ce	Too Many Requests: Too many login attempts from this IP, please try again after a 60 second pause	POST	/postbyuser	http://localhost:3000
20221028	22:58:13	c6d137fd-0aa1-4e4e-8fc3-93b69eb1a97c	Too Many Requests: Too many login attempts from this IP, please try again after a 60 second pause	POST	/postbyuser	http://localhost:3000
20221029	22:58:01	3c227e46-8a97-4653-be7b-3f2dbb2bbd8f	Error: ENOENT: no such file or directory, stat 'C:\Users\Windows 10\Desktop\react-forum\backend\views\404.html'	GET	/admin/Test	undefined
20221029	22:59:43	289e8018-9ef3-445b-8347-89ba9074797c	Error: ENOENT: no such file or directory, stat 'C:\Users\Windows 10\Desktop\react-forum\backend\views\404.html'	GET	/admin/Test	undefined
20221030	02:55:03	da08ed2d-3f9d-4bce-b46a-b71ff66e52d1	Error: ENOENT: no such file or directory, stat 'C:\Users\Windows 10\Desktop\react-forum\backend\views\404.html'	GET	/api/category/getMessagesByRoomId/	http://localhost:3000
20221030	02:55:04	eed8e87d-b3e1-47b8-bef4-e0963ba06ca1	Error: ENOENT: no such file or directory, stat 'C:\Users\Windows 10\Desktop\react-forum\backend\views\404.html'	GET	/	http://localhost:3000
20221030	02:55:13	69f3aaf5-4c9e-4274-83ed-922d309d6a34	Error: ENOENT: no such file or directory, stat 'C:\Users\Windows 10\Desktop\react-forum\backend\views\404.html'	GET	/	http://localhost:3000
20221030	02:55:23	a983c623-f10e-49ac-935c-7449f3deacbd	Error: ENOENT: no such file or directory, stat 'C:\Users\Windows 10\Desktop\react-forum\backend\views\404.html'	GET	/api/category/getMessagesByRoomId/	http://localhost:3000
20221030	02:55:25	25dc43d8-1f76-4d97-a5eb-893f315595d9	Error: ENOENT: no such file or directory, stat 'C:\Users\Windows 10\Desktop\react-forum\backend\views\404.html'	GET	/	http://localhost:3000
20221030	02:58:54	ef8d7df9-09b3-44bd-96b7-1dc9c3888b5f	Error: ENOENT: no such file or directory, stat 'C:\Users\Windows 10\Desktop\react-forum\backend\views\404.html'	GET	/api/category/getMessagesByRoomId/	http://localhost:3000
20221031	21:04:25	c1b1cd79-4950-4316-8fdb-c0aa25cfe67b	Error: ENOENT: no such file or directory, stat 'C:\Users\Windows 10\Desktop\react-forum\backend\views\404.html'	GET	/admin/Test	undefined
20221031	21:04:59	fa7253c0-aedd-46e4-aa66-2cf79af2c641	Error: ENOENT: no such file or directory, stat 'C:\Users\Windows 10\Desktop\react-forum\backend\views\404.html'	GET	/admin/Test	undefined
20221101	00:13:44	d6f14ef5-2a22-4e35-8793-5c1057ce5e9d	ReferenceError: sq is not defined	POST	/api/category/deletePostByAdmin	http://localhost:3000
20221101	00:47:46	cc20c813-01c9-4cbf-a6b8-862dd9986fbd	Error: ENOENT: no such file or directory, stat 'C:\Users\Windows 10\Desktop\react-forum\backend\views\404.html'	GET	/admin/Test	undefined
20221101	00:48:06	52afe0d8-2422-43cb-8d50-949c46508c90	Error: ENOENT: no such file or directory, stat 'C:\Users\Windows 10\Desktop\react-forum\backend\views\404.html'	GET	/admin/Test	undefined
20221101	00:48:14	d9074251-9dbc-4c51-b010-1d791f2c437b	Error: ENOENT: no such file or directory, stat 'C:\Users\Windows 10\Desktop\react-forum\backend\views\404.html'	GET	/admin/Test	undefined
20221101	00:48:54	fa045a92-d53d-4768-88d4-72d1018ecc36	Error: ENOENT: no such file or directory, stat 'C:\Users\Windows 10\Desktop\react-forum\backend\views\404.html'	GET	/admin/Test	undefined
20221101	00:48:58	0866a7a0-9d60-42c6-9094-203f18c45db6	Error: ENOENT: no such file or directory, stat 'C:\Users\Windows 10\Desktop\react-forum\backend\views\404.html'	GET	/admin/Test	undefined
20221101	00:49:26	cd61b1cf-238a-4b85-8a9b-1c3eafafca68	Error: ENOENT: no such file or directory, stat 'C:\Users\Windows 10\Desktop\react-forum\backend\views\404.html'	GET	/admin/Test	undefined
20221101	00:49:27	baa32c17-9798-40a1-9632-80e4bc2c0345	Error: ENOENT: no such file or directory, stat 'C:\Users\Windows 10\Desktop\react-forum\backend\views\404.html'	GET	/admin/Test	undefined
20221101	00:54:28	96cb6466-5de8-408f-8e72-9b89ceb3c105	Error: ENOENT: no such file or directory, stat 'C:\Users\Windows 10\Desktop\react-forum\backend\views\404.html'	GET	/admin/Test	undefined
20221101	04:28:49	e07c3f98-3357-49fd-b215-124dfabcad6b	Error: ENOENT: no such file or directory, stat 'C:\Users\Windows 10\Desktop\react-forum\backend\views\404.html'	GET	/admin/Test	undefined
20221101	04:28:53	49fd8984-0a09-4620-9e84-727d3f53765e	Error: ENOENT: no such file or directory, stat 'C:\Users\Windows 10\Desktop\react-forum\backend\views\404.html'	GET	/admin/Test	undefined
20221105	22:28:53	4d8c273c-3dc1-4ecb-9d85-f9bd934fc2ed	Error: ENOENT: no such file or directory, stat 'C:\Users\Windows 10\Desktop\react-forum\backend\views\404.html'	GET	/getpinnedthemepercategoryreplies/fasfaa	http://localhost:3000
20221105	22:29:16	97bdd3ef-4158-495f-9002-4e1b317d804a	Error: ENOENT: no such file or directory, stat 'C:\Users\Windows 10\Desktop\react-forum\backend\views\404.html'	GET	/getpinnedthemepercategoryreplies/fasfaa	http://localhost:3000
20221105	22:29:50	6e2ffafc-c8f8-48f9-8828-223b4a6a3ef7	Error: ENOENT: no such file or directory, stat 'C:\Users\Windows 10\Desktop\react-forum\backend\views\404.html'	GET	/getpinnedthemepercategoryreplies/fasfaa	http://localhost:3000
20221105	22:30:42	149d5164-69aa-4204-bb26-7c671757717b	Error: ENOENT: no such file or directory, stat 'C:\Users\Windows 10\Desktop\react-forum\backend\views\404.html'	GET	/getpinnedthemepercategoryreplies/fasfaa	http://localhost:3000
20221105	22:30:46	59bfb08d-2f74-4467-9260-a3e16b928e73	Error: ENOENT: no such file or directory, stat 'C:\Users\Windows 10\Desktop\react-forum\backend\views\404.html'	GET	/getpinnedthemepercategoryreplies/fasfaa	http://localhost:3000
20221105	22:31:11	c047b814-c0b0-4587-86ca-0436c1c050c9	Error: ENOENT: no such file or directory, stat 'C:\Users\Windows 10\Desktop\react-forum\backend\views\404.html'	GET	/getpinnedthemepercategoryreplies/fasfaa	http://localhost:3000
20221105	22:31:13	30f0dfc8-e39b-4415-a408-2f232dff8d1d	ReferenceError: c is not defined	GET	/api/category/getpinnedthemepercategoryreplies/fasfaa	http://localhost:3000
20221111	12:06:37	8afc1df4-60bd-40c0-bb0e-7c65338f626f	Error: ENOENT: no such file or directory, stat 'C:\Users\Windows 10\Desktop\react-forum\backend\views\404.html'	GET	/admin/Test	undefined
20221111	12:06:43	21dc4698-9594-4869-aa02-556609501f15	Error: ENOENT: no such file or directory, stat 'C:\Users\Windows 10\Desktop\react-forum\backend\views\404.html'	GET	/admin/Test	undefined
20221111	18:16:28	61f4efb2-7ea4-4ba9-a2d5-087ff07be998	Error: ENOENT: no such file or directory, stat 'C:\Users\Windows 10\Desktop\react-forum\backend\views\404.html'	GET	/admin/Test	undefined
20221111	18:16:37	de93d906-d5e6-4e17-9bc4-4a308b6dfb9f	Error: ENOENT: no such file or directory, stat 'C:\Users\Windows 10\Desktop\react-forum\backend\views\404.html'	GET	/admin/Test	undefined
20221112	14:46:24	f21413db-4888-49f4-9ba5-eb03dc971b51	Error: ENOENT: no such file or directory, stat 'C:\Users\Windows 10\Desktop\react-forum\backend\views\404.html'	GET	/admin/Test	undefined
20221112	14:46:37	6293a849-038f-4f2c-b363-65fe4e006062	Error: ENOENT: no such file or directory, stat 'C:\Users\Windows 10\Desktop\react-forum\backend\views\404.html'	GET	/admin/Test	undefined
20221112	14:47:03	1fe3de8e-7aca-46ae-9a9e-4065b022b785	Error: ENOENT: no such file or directory, stat 'C:\Users\Windows 10\Desktop\react-forum\backend\views\404.html'	GET	/admin/Test	undefined
20221112	14:47:36	0bbb44c5-7aec-4797-bd6f-4bf53d2e7c15	Error: ENOENT: no such file or directory, stat 'C:\Users\Windows 10\Desktop\react-forum\backend\views\404.html'	GET	/admin/Test	undefined
20221112	19:55:47	56f106b6-33dd-4ef1-adbc-2f703ab5b333	Too Many Requests: Too many login attempts from this IP, please try again after a 60 second pause	POST	/postbyuser	http://localhost:3000
20221112	19:57:35	717cb90f-0487-452a-97cd-6b44b40649ad	Too Many Requests: You are doing it too much, try again in 60 seconds	POST	/postbyuser	http://localhost:3000
20221112	19:57:38	9f83b84b-41a6-42db-83f4-cb6841fde6c0	Too Many Requests: You are doing it too much, try again in 60 seconds	POST	/postbyuser	http://localhost:3000
20221112	19:57:41	6b758e6e-04cf-43b0-a9a2-638d90c5a81e	Too Many Requests: You are doing it too much, try again in 60 seconds	POST	/postbyuser	http://localhost:3000
20221112	20:04:33	b286dba1-8103-4de1-8de3-49bee1a7a8ed	Error: ENOENT: no such file or directory, stat 'C:\Users\Windows 10\Desktop\react-forum\backend\views\404.html'	GET	/admin/Test	undefined
20221112	20:04:40	1091e09d-822f-4388-b9c1-83e9350592cd	Error: ENOENT: no such file or directory, stat 'C:\Users\Windows 10\Desktop\react-forum\backend\views\404.html'	GET	/admin/Test	undefined
20221112	20:12:00	273ae614-b6ed-4db8-9b45-b35b40467704	Error: ENOENT: no such file or directory, stat 'C:\Users\Windows 10\Desktop\react-forum\backend\views\404.html'	GET	/admin/Test	undefined
20221112	21:13:44	fd493618-cb68-4df3-9785-bc319992d703	Error: ENOENT: no such file or directory, stat 'C:\Users\Windows 10\Desktop\react-forum\backend\views\404.html'	GET	/admin/Test	undefined
20221113	00:22:26	f198ee15-de54-48f0-925a-a7d4c56c71a1	Error: ENOENT: no such file or directory, stat 'C:\Users\Windows 10\Desktop\react-forum\backend\views\404.html'	GET	/forum/Zahtev%20za%20vracanje%20statsa/[img]https://i.imgur.com/oy430xV.jpg[/img]	undefined
20221113	00:22:26	1d3ca82a-7d7b-4bc0-8393-49662de74cb8	Error: ENOENT: no such file or directory, stat 'C:\Users\Windows 10\Desktop\react-forum\backend\views\404.html'	GET	/forum/Zahtev%20za%20vracanje%20statsa/%3Cblockquote%20class=	undefined
20221113	00:22:26	fae6cbc6-3a91-4a38-b821-81c6007c9be0	Error: ENOENT: no such file or directory, stat 'C:\Users\Windows 10\Desktop\react-forum\backend\views\404.html'	GET	/forum/Zahtev%20za%20vracanje%20statsa/[Imgur](https://imgur.com/oy430xV)	undefined
20221113	00:22:32	da681172-51d8-438f-be73-dd61ec196e8b	Error: ENOENT: no such file or directory, stat 'C:\Users\Windows 10\Desktop\react-forum\backend\views\404.html'	GET	/forum/Zahtev%20za%20vracanje%20statsa/[img]https://i.imgur.com/oy430xV.jpg[/img]	undefined
20221113	00:22:32	f483e911-7f46-454a-b468-e8753568fd4c	Error: ENOENT: no such file or directory, stat 'C:\Users\Windows 10\Desktop\react-forum\backend\views\404.html'	GET	/forum/Zahtev%20za%20vracanje%20statsa/%3Cblockquote%20class=	undefined
20221113	00:22:32	388f42e1-5ca7-4633-81f7-9c3add3bdd65	Error: ENOENT: no such file or directory, stat 'C:\Users\Windows 10\Desktop\react-forum\backend\views\404.html'	GET	/forum/Zahtev%20za%20vracanje%20statsa/[Imgur](https://imgur.com/oy430xV)	undefined
20221113	15:11:30	0a3ec523-19bd-4b20-914f-376745bf6839	Error: ENOENT: no such file or directory, stat 'C:\Users\Windows 10\Desktop\react-forum\backend\views\404.html'	GET	/admin/Test	undefined
20221113	15:15:30	ca8d74cc-8618-49fd-b205-4ec75f794c93	Error: ENOENT: no such file or directory, stat 'C:\Users\Windows 10\Desktop\react-forum\backend\views\404.html'	GET	/admin/Test	undefined
20221119	18:32:07	12aeae55-c16a-4a48-abcf-90ea485559c2	Error: ENOENT: no such file or directory, stat 'C:\Users\Windows 10\Desktop\react-forum\backend\views\404.html'	POST	/api/ucp/users/registerUser	http://localhost:3000
20221120	19:45:58	4eef217f-2846-40e7-b1fd-6a644149fa46	Error: ENOENT: no such file or directory, stat 'C:\Users\Windows 10\Desktop\react-forum\backend\views\404.html'	POST	/api/ucp/users/loginHandler	http://localhost:3000
20221120	19:46:45	5525deb9-e73c-4f70-aa95-498786aa26aa	Error: ENOENT: no such file or directory, stat 'C:\Users\Windows 10\Desktop\react-forum\backend\views\404.html'	POST	/api/ucp/users/loginHandler	http://localhost:3000
20221121	03:17:22	b59a319a-9c97-4680-92cf-9e360bf41cfe	Too Many Requests: You are doing it too much, try again in 60 seconds	POST	/loginHandler	http://localhost:3000
20221121	03:17:22	d58b8e65-57c9-4484-8f30-3f68c8d8cee5	Too Many Requests: You are doing it too much, try again in 60 seconds	POST	/loginHandler	http://localhost:3000
20221121	03:30:33	e4b2006a-87a6-418f-b04c-f3b8839ac823	Error: ENOENT: no such file or directory, stat 'C:\Users\Windows 10\Desktop\react-forum\backend\views\404.html'	GET	/admin/Test	undefined
20221121	15:09:37	191e9c77-60e0-46cf-9d09-6fc372f75d72	Error: ENOENT: no such file or directory, stat 'C:\Users\Windows 10\Desktop\react-forum\backend\views\404.html'	GET	/admin/Test	undefined
20221121	15:10:04	187fa8e4-499a-4501-8223-b9ce41b6c944	Error: ENOENT: no such file or directory, stat 'C:\Users\Windows 10\Desktop\react-forum\backend\views\404.html'	GET	/admin/Test	undefined
20221121	15:11:21	48d90e4c-13e1-4c49-9498-9bc2f2355c18	Error: ENOENT: no such file or directory, stat 'C:\Users\Windows 10\Desktop\react-forum\backend\views\404.html'	GET	/admin/Test	undefined
20221121	16:00:14	a96b340a-1fbf-481e-9dd7-07c2e05089a1	Error: ENOENT: no such file or directory, stat 'C:\Users\Windows 10\Desktop\react-forum\backend\views\404.html'	GET	/admin/Test	undefined
20221121	16:15:25	8988f078-8b30-49b1-ba59-2ba40504acec	Error: ENOENT: no such file or directory, stat 'C:\Users\Windows 10\Desktop\react-forum\backend\views\404.html'	GET	/admin/Test	undefined
20221121	16:16:32	f1010b81-de30-4205-8fc8-d8430f97f4b8	Error: ENOENT: no such file or directory, stat 'C:\Users\Windows 10\Desktop\react-forum\backend\views\404.html'	GET	/admin/Test	undefined
20221121	16:22:18	2a9a1177-112c-4a8b-a5d8-eee2d5eb686e	Error: ENOENT: no such file or directory, stat 'C:\Users\Windows 10\Desktop\react-forum\backend\views\404.html'	GET	/admin/Test	undefined
20221121	17:13:09	d637a6a3-3018-4946-9351-76ec0c46dd51	Error: ENOENT: no such file or directory, stat 'C:\Users\Windows 10\Desktop\react-forum\backend\views\404.html'	GET	/forum/Predlozi%20za%20server/Acaba12/[img]https://i.imgur.com/oy430xV.jpg[/img]	undefined
20221121	17:13:09	927d166b-950b-46d6-b1f3-815f6185df10	Error: ENOENT: no such file or directory, stat 'C:\Users\Windows 10\Desktop\react-forum\backend\views\404.html'	GET	/forum/Predlozi%20za%20server/Acaba12/%3Cblockquote%20class=	undefined
20221121	17:13:09	093040e3-374a-424e-a97c-f54e897878e4	Error: ENOENT: no such file or directory, stat 'C:\Users\Windows 10\Desktop\react-forum\backend\views\404.html'	GET	/forum/Predlozi%20za%20server/Acaba12/[Imgur](https://imgur.com/oy430xV)	undefined
20221121	17:13:12	a1d0203d-1840-4fc4-9420-a4bdc69e6ec7	Error: ENOENT: no such file or directory, stat 'C:\Users\Windows 10\Desktop\react-forum\backend\views\404.html'	GET	/forum/Predlozi%20za%20server/Acaba12/[img]https://i.imgur.com/oy430xV.jpg[/img]	undefined
20221121	17:13:12	398bf20d-1bfa-4d60-8ace-439d21e96bab	Error: ENOENT: no such file or directory, stat 'C:\Users\Windows 10\Desktop\react-forum\backend\views\404.html'	GET	/forum/Predlozi%20za%20server/Acaba12/%3Cblockquote%20class=	undefined
20221121	17:13:12	01219fbd-26d4-4fbf-ab33-98c64f14f0ba	Error: ENOENT: no such file or directory, stat 'C:\Users\Windows 10\Desktop\react-forum\backend\views\404.html'	GET	/forum/Predlozi%20za%20server/Acaba12/[Imgur](https://imgur.com/oy430xV)	undefined
20221121	17:13:17	b8f62fc4-30e6-48e6-93e9-04eeb975ff2a	Error: ENOENT: no such file or directory, stat 'C:\Users\Windows 10\Desktop\react-forum\backend\views\404.html'	GET	/forum/Predlozi%20za%20server/Acaba12/[img]https://i.imgur.com/oy430xV.jpg[/img]	undefined
20221121	17:13:17	2c8cae17-9896-4ee4-85b2-0462af64f3c0	Error: ENOENT: no such file or directory, stat 'C:\Users\Windows 10\Desktop\react-forum\backend\views\404.html'	GET	/forum/Predlozi%20za%20server/Acaba12/%3Cblockquote%20class=	undefined
20221121	17:13:17	cc8b5a99-5f42-4950-ab9e-a6db9b0b16aa	Error: ENOENT: no such file or directory, stat 'C:\Users\Windows 10\Desktop\react-forum\backend\views\404.html'	GET	/forum/Predlozi%20za%20server/Acaba12/[Imgur](https://imgur.com/oy430xV)	undefined
20221121	18:55:00	7a738fd5-7cea-4996-9f0f-69090781dbc1	Error: ENOENT: no such file or directory, stat 'C:\Users\Windows 10\Desktop\react-forum\backend\views\404.html'	GET	/admin/Test	undefined
20221121	18:59:19	5e6ba147-ed39-4f1d-80b8-3aa717eb1e1b	Error: ENOENT: no such file or directory, stat 'C:\Users\Windows 10\Desktop\react-forum\backend\views\404.html'	GET	/admin/Test	undefined
20221121	18:59:28	8e85eb73-c437-44a1-8156-2fb7c2635766	Error: ENOENT: no such file or directory, stat 'C:\Users\Windows 10\Desktop\react-forum\backend\views\404.html'	GET	/admin/Test	undefined
20221121	18:59:54	b728d472-e468-4b39-9bce-edc7880684aa	Error: ENOENT: no such file or directory, stat 'C:\Users\Windows 10\Desktop\react-forum\backend\views\404.html'	GET	/admin/Test	undefined
20221121	19:00:02	16677688-c958-41db-b42f-04328a5d11d0	Error: ENOENT: no such file or directory, stat 'C:\Users\Windows 10\Desktop\react-forum\backend\views\404.html'	GET	/admin/Test	undefined
20221121	19:02:20	2522fa9b-c7cf-415c-b2b7-69bc37d56870	Error: ENOENT: no such file or directory, stat 'C:\Users\Windows 10\Desktop\react-forum\backend\views\404.html'	GET	/api/category/getMessagesByRoomId/	http://localhost:3000
20221121	19:02:24	eae7b6c4-1bc4-4655-94c5-d2b99a986b24	Error: ENOENT: no such file or directory, stat 'C:\Users\Windows 10\Desktop\react-forum\backend\views\404.html'	GET	/	http://localhost:3000
20221121	19:02:28	028973e4-af28-42c1-9a8d-e613c2989915	Error: ENOENT: no such file or directory, stat 'C:\Users\Windows 10\Desktop\react-forum\backend\views\404.html'	GET	/	http://localhost:3000
20221121	19:02:38	8df989c7-e4f4-45d3-aede-f1a8924b9af5	Error: ENOENT: no such file or directory, stat 'C:\Users\Windows 10\Desktop\react-forum\backend\views\404.html'	GET	/api/category/getMessagesByRoomId/	http://localhost:3000
20221121	19:02:39	b7a40425-f562-4a3c-931d-fccb34e214b3	Error: ENOENT: no such file or directory, stat 'C:\Users\Windows 10\Desktop\react-forum\backend\views\404.html'	GET	/	http://localhost:3000
20221121	19:02:58	02c9e139-d2b6-4bb2-8d76-b093e1d052ee	Error: ENOENT: no such file or directory, stat 'C:\Users\Windows 10\Desktop\react-forum\backend\views\404.html'	GET	/api/category/getMessagesByRoomId/	http://localhost:3000
20221121	19:03:04	748400e8-a6f1-4694-afab-0153c5d36d39	Error: ENOENT: no such file or directory, stat 'C:\Users\Windows 10\Desktop\react-forum\backend\views\404.html'	GET	/	http://localhost:3000
20221121	19:10:34	b9c52a94-5d9b-43b5-a915-93fc0341e337	Error: ENOENT: no such file or directory, stat 'C:\Users\Windows 10\Desktop\react-forum\backend\views\404.html'	GET	/api/ucp/users/infoAboutUser	http://localhost:3001
20221121	19:10:41	a867b013-e91a-4a73-94a9-eaccf44695c7	Error: ENOENT: no such file or directory, stat 'C:\Users\Windows 10\Desktop\react-forum\backend\views\404.html'	GET	/api/ucp/users/infoAboutUser	http://localhost:3001
20221121	19:13:00	145efd66-e2d5-4e76-96a5-5fcd7d277f10	Error: ENOENT: no such file or directory, stat 'C:\Users\Windows 10\Desktop\react-forum\backend\views\404.html'	GET	/api/ucp/users/infoAboutUser	http://localhost:3001
20221121	19:14:22	71f14aab-86d8-4950-86e7-e35ab174c455	Error: ENOENT: no such file or directory, stat 'C:\Users\Windows 10\Desktop\react-forum\backend\views\404.html'	GET	/api/ucp/users/infoAboutUser	http://localhost:3001
20221121	19:14:26	053aaccb-5626-4079-8d10-d1d76e2b7fba	Error: ENOENT: no such file or directory, stat 'C:\Users\Windows 10\Desktop\react-forum\backend\views\404.html'	GET	/api/ucp/users/infoAboutUser	http://localhost:3001
20221121	19:15:23	e6b24463-2dbb-4fce-a109-06a6bffce854	Error: ENOENT: no such file or directory, stat 'C:\Users\Windows 10\Desktop\react-forum\backend\views\404.html'	GET	/api/ucp/users/infoAboutUser	http://localhost:3001
20221121	19:15:30	4dce9813-6bb4-4723-a425-9286b921d311	Error: ENOENT: no such file or directory, stat 'C:\Users\Windows 10\Desktop\react-forum\backend\views\404.html'	GET	/api/ucp/users/infoAboutUser	http://localhost:3001
20221121	19:15:31	8da9f0b3-72d0-4a64-82df-58eaaada1252	Error: ENOENT: no such file or directory, stat 'C:\Users\Windows 10\Desktop\react-forum\backend\views\404.html'	GET	/api/ucp/users/infoAboutUser	http://localhost:3001
20221121	19:15:32	3bfb5077-f4d2-41e9-b845-e64472e33b83	Error: ENOENT: no such file or directory, stat 'C:\Users\Windows 10\Desktop\react-forum\backend\views\404.html'	GET	/api/ucp/users/infoAboutUser	http://localhost:3001
20221122	18:07:41	18ac56e5-3eb7-4abd-8b49-665fa2a9ef54	Error: ENOENT: no such file or directory, stat 'C:\Users\Windows 10\Desktop\react-forum\backend\views\404.html'	GET	/api/ucp/users/infoAboutUser	http://localhost:3001
20221122	18:35:43	23371bc1-fad0-4f8e-9bf1-e8035c28c395	Error: ENOENT: no such file or directory, stat 'C:\Users\Windows 10\Desktop\react-forum\backend\views\404.html'	GET	/api/ucp/users/infoAboutUser	http://localhost:3001
20221122	18:39:09	9e476b28-2013-454a-a80f-263b5fb7a6c5	Error: ENOENT: no such file or directory, stat 'C:\Users\Windows 10\Desktop\react-forum\backend\views\404.html'	GET	/api/ucp/users/infoAboutUser	http://localhost:3001
20221122	18:39:15	9d4f2b68-946f-40df-b0d4-51dd25ac5fee	Error: ENOENT: no such file or directory, stat 'C:\Users\Windows 10\Desktop\react-forum\backend\views\404.html'	GET	/api/ucp/users/infoAboutUser	http://localhost:3001
20221122	18:41:43	2848fecd-63f7-4265-bc80-c0d2f2ef4d41	Error: ENOENT: no such file or directory, stat 'C:\Users\Windows 10\Desktop\react-forum\backend\views\404.html'	GET	/api/ucp/users/infoAboutUser	http://localhost:3001
20221122	18:45:06	44783891-beb2-466b-abd8-0d221a3b2216	Error: ENOENT: no such file or directory, stat 'C:\Users\Windows 10\Desktop\react-forum\backend\views\404.html'	GET	/api/ucp/users/infoAboutUser	http://localhost:3001
20221122	18:51:10	05bdf1b5-5b48-4c3e-855b-8f4ea4627fa4	Error: ENOENT: no such file or directory, stat 'C:\Users\Windows 10\Desktop\react-forum\backend\views\404.html'	GET	/api/ucp/users/infoAboutUser	http://localhost:3001
20221122	19:14:55	20adeb9e-5093-4fae-a30c-453c6517761e	Error: ENOENT: no such file or directory, stat 'C:\Users\Windows 10\Desktop\react-forum\backend\views\404.html'	GET	/api/ucp/users/infoAboutUser	http://localhost:3001
20221122	19:16:27	c4ce6703-d084-4ac6-ae4a-c174a6026632	Error: Failed to deserialize user out of session	POST	/api/ucp/users/loginUser	http://localhost:3001
20221122	19:16:27	63a545fe-906a-447f-a698-d509c20e2d73	Error: Failed to deserialize user out of session	GET	/api/ucp/users/infoAboutUser	http://localhost:3001
20221122	19:16:50	9a747e0f-06e6-462b-ad5d-da47b81d95e8	Error: Failed to deserialize user out of session	POST	/api/users/logout	http://localhost:3000
20221122	19:16:50	f2ee345c-c029-4e18-becf-1c730bed85fd	Error: Failed to deserialize user out of session	GET	/api/users/newsList	http://localhost:3000
20221122	19:20:53	af05ac57-2731-41e4-9b40-340ae12f5dd1	Error: Failed to deserialize user out of session	GET	/api/ucp/users/infoAboutUser	http://localhost:3001
20221122	19:20:54	3a99d888-65c8-4311-bd86-3af106aae80a	Error: Failed to deserialize user out of session	GET	/api/ucp/users/infoAboutUser	http://localhost:3001
20221122	19:21:20	c012e904-3c1b-4aea-a0c9-7a9137b0851f	Error: Failed to deserialize user out of session	GET	/api/ucp/users/infoAboutUser	http://localhost:3001
20221122	19:21:21	b2af7723-bb1d-4ed8-9fd5-2aea163d204a	Error: Failed to deserialize user out of session	GET	/api/ucp/users/infoAboutUser	http://localhost:3001
20221122	19:21:30	b8c4fb05-a2d8-40ec-a196-d7dc12a27304	Error: Failed to deserialize user out of session	GET	/api/ucp/users/infoAboutUser	http://localhost:3001
20221122	19:21:49	d8d1a7ed-c1cc-493d-abb0-27f5339180ea	Error: Failed to deserialize user out of session	GET	/api/users/newsList	http://localhost:3000
20221122	19:22:46	a784c65e-7a76-4ab1-aa03-3e261b2c8497	Error: Failed to deserialize user out of session	GET	/api/users/newsList	http://localhost:3000
20221122	19:23:21	9742426a-e1c9-468d-9cbf-33c46f962f27	Error: Failed to deserialize user out of session	GET	/api/users/newsList	http://localhost:3000
20221122	19:24:01	1a649e9e-14e2-48f9-906d-edf86740be7e	Error: Failed to deserialize user out of session	GET	/api/users/newsList	http://localhost:3000
20221122	19:24:10	13362908-1c55-4c73-99df-fbf48bcf94bb	Error: Failed to deserialize user out of session	GET	/api/ucp/users/infoAboutUser	http://localhost:3001
20221122	19:24:11	8856a580-f75c-44bf-8a46-adb55ea3c3d4	Error: Failed to deserialize user out of session	GET	/api/ucp/users/infoAboutUser	http://localhost:3001
20221122	19:26:45	40768016-c4b3-47b3-9f1e-85bba812f046	Error: Failed to deserialize user out of session	GET	/api/ucp/users/infoAboutUser	http://localhost:3001
20221122	19:26:52	4adc7e9a-19cb-4f99-9246-29c18f84f9b7	Error: Failed to deserialize user out of session	GET	/api/users/newsList	http://localhost:3000
20221122	19:28:43	eb141d43-4e88-4704-9ca5-085999cbb614	Error: ENOENT: no such file or directory, stat 'C:\Users\Windows 10\Desktop\react-forum\backend\views\404.html'	GET	/api/ucp/users/infoAboutUser	http://localhost:3001
20221122	19:28:52	db578eac-2b09-41d0-a66f-9c02db90a6fe	Error: Failed to deserialize user out of session	GET	/api/ucp/users/infoAboutUser	http://localhost:3001
20221122	19:29:07	8f7628ac-d5dc-4642-bb50-75ee9fc251e2	Error: Failed to deserialize user out of session	GET	/api/users/newsList	http://localhost:3000
20221122	19:29:07	61d8f73a-744c-4b21-9d69-4ee0180603d7	Error: Failed to deserialize user out of session	GET	/api/users/newsList	http://localhost:3000
20221122	19:30:21	2dc97430-9648-4ed2-9f09-c065df6c3d08	Error: Failed to deserialize user out of session	GET	/api/ucp/users/infoAboutUser	http://localhost:3001
20221122	19:31:08	c5c44f9c-7ab8-4c18-98ec-11282ee80d29	Error: ENOENT: no such file or directory, stat 'C:\Users\Windows 10\Desktop\react-forum\backend\views\404.html'	GET	/api/ucp/users/infoAboutUser	http://localhost:3001
20221122	19:31:09	f7f54571-e08b-4d9f-8682-6ff7ede5cdb4	Error: ENOENT: no such file or directory, stat 'C:\Users\Windows 10\Desktop\react-forum\backend\views\404.html'	GET	/api/ucp/users/infoAboutUser	http://localhost:3001
20221122	19:31:19	54ade3d8-3bc5-4b6b-a5de-b3989a1b738a	Error: Failed to deserialize user out of session	GET	/api/users/newsList	http://localhost:3000
20221122	20:06:57	4b585e19-f7ef-4926-a811-019da54ec654	Error: ENOENT: no such file or directory, stat 'C:\Users\Windows 10\Desktop\react-forum\backend\views\404.html'	GET	/api/ucp/users/infoAboutUser	http://localhost:3001
20221122	20:07:20	ea24292b-e735-4685-98b6-33d51e749a4d	Error: Failed to deserialize user out of session	GET	/api/ucp/users/infoAboutUser	http://localhost:3001
20221122	20:27:43	51c10246-1533-4ea7-898b-372ca159df98	Error: Unknown authentication strategy "ucp"	GET	/api/ucp/users/infoAboutUser	http://localhost:3001
20221122	20:28:06	11e2bbde-37b2-4a27-a9d1-a9b87e37e619	Error: Unknown authentication strategy "ucp"	GET	/api/ucp/users/infoAboutUser	http://localhost:3001
20221122	20:33:57	3f3e76de-c2df-4101-9d7d-c3937cb9dec9	Error: ENOENT: no such file or directory, stat 'C:\Users\Windows 10\Desktop\react-forum\backend\views\404.html'	GET	/api/ucp/users/infoAboutUser	http://localhost:3001
20221122	20:34:03	fe9d998f-55c3-464c-a20b-7574b17a682a	Error: ENOENT: no such file or directory, stat 'C:\Users\Windows 10\Desktop\react-forum\backend\views\404.html'	GET	/api/ucp/users/infoAboutUser	http://localhost:3001
20221122	20:34:12	52c3641a-cc7e-40f2-902b-af6dea8dc7fa	Error: Failed to deserialize user out of session	GET	/api/ucp/users/infoAboutUser	http://localhost:3001
20221122	20:37:32	bfa785be-05cd-4abe-b6f6-991f2a046fae	Error: ENOENT: no such file or directory, stat 'C:\Users\Windows 10\Desktop\react-forum\backend\views\404.html'	GET	/api/ucp/users/infoAboutUser	http://localhost:3001
20221122	20:37:35	4125d231-031c-4e9d-a3ac-eaea6e14eab4	Error: ENOENT: no such file or directory, stat 'C:\Users\Windows 10\Desktop\react-forum\backend\views\404.html'	GET	/api/ucp/users/infoAboutUser	http://localhost:3001
20221122	20:37:45	df70da9e-9eec-4c7d-bc4b-2fac069dcdda	Error: Failed to deserialize user out of session	GET	/api/ucp/users/infoAboutUser	http://localhost:3001
20221122	20:38:33	e5568b4c-004d-4120-a104-31df66a389f8	Error: Failed to deserialize user out of session	GET	/api/ucp/users/infoAboutUser	http://localhost:3001
20221122	20:38:46	3d4e1161-19ba-4ee3-891b-f0326065145f	Error: ENOENT: no such file or directory, stat 'C:\Users\Windows 10\Desktop\react-forum\backend\views\404.html'	GET	/api/ucp/users/infoAboutUser	http://localhost:3001
20221122	20:38:47	482aa368-d31e-40e2-8fbf-143cd6da322a	Error: ENOENT: no such file or directory, stat 'C:\Users\Windows 10\Desktop\react-forum\backend\views\404.html'	GET	/api/ucp/users/infoAboutUser	http://localhost:3001
20221122	20:38:55	288aa8f6-53a1-42f3-b18f-a70b6d0c093d	Error: Failed to deserialize user out of session	GET	/api/ucp/users/infoAboutUser	http://localhost:3001
20221122	20:39:53	e75cc948-065e-41c8-a826-27c4457bfef2	Error: Failed to deserialize user out of session	GET	/api/users/stateofuser	http://localhost:3000
20221122	20:42:01	a97bf428-cdd8-4da5-a587-2040bb7bb59e	Error: Failed to deserialize user out of session	GET	/api/ucp/users/infoAboutUser	http://localhost:3001
20221122	20:42:10	ed45ff75-70d9-4bab-b4cc-59d69ff4fb42	Error: ENOENT: no such file or directory, stat 'C:\Users\Windows 10\Desktop\react-forum\backend\views\404.html'	GET	/api/ucp/users/infoAboutUser	http://localhost:3001
20221122	20:42:11	7ebf930a-4db3-4dba-9034-7e0b684f3344	Error: ENOENT: no such file or directory, stat 'C:\Users\Windows 10\Desktop\react-forum\backend\views\404.html'	GET	/api/ucp/users/infoAboutUser	http://localhost:3001
20221122	20:42:51	81c6383c-7532-4ae3-8bed-d1777781506a	Error: Failed to deserialize user out of session	GET	/api/users/stateofuser	http://localhost:3000
20221122	20:43:03	3ed6e62a-7116-4fbf-9096-b5c8736fd948	Error: Failed to deserialize user out of session	GET	/api/ucp/users/infoAboutUser	http://localhost:3001
20221122	20:51:51	e7235548-b6bb-403d-bd09-c469ba99e3b9	Error: ENOENT: no such file or directory, stat 'C:\Users\Windows 10\Desktop\react-forum\backend\views\404.html'	GET	/api/ucp/users/infoAboutUser	http://localhost:3001
20221122	20:51:52	41ee9895-87f2-4a27-9bc9-5fc607689395	Error: ENOENT: no such file or directory, stat 'C:\Users\Windows 10\Desktop\react-forum\backend\views\404.html'	GET	/api/ucp/users/infoAboutUser	http://localhost:3001
20221122	20:51:59	e0781e25-621d-4a44-8ebd-50592b469798	Error: ENOENT: no such file or directory, stat 'C:\Users\Windows 10\Desktop\react-forum\backend\views\404.html'	GET	/api/ucp/users/infoAboutUser	http://localhost:3001
20221122	20:52:12	a6df0a3b-0eb1-424a-b0b2-731195e1702c	Error: ENOENT: no such file or directory, stat 'C:\Users\Windows 10\Desktop\react-forum\backend\views\404.html'	GET	/api/ucp/users/infoAboutUser	http://localhost:3001
20221122	21:06:21	9d71072a-84ba-495a-bad2-18ac8da3b8db	Error: ENOENT: no such file or directory, stat 'C:\Users\Windows 10\Desktop\react-forum\backend\views\404.html'	GET	/api/ucp/users/infoAboutUser	http://localhost:3001
20221122	21:06:30	b32d5e0e-d881-4e1c-a748-a91219b8f224	Error: ENOENT: no such file or directory, stat 'C:\Users\Windows 10\Desktop\react-forum\backend\views\404.html'	GET	/api/ucp/users/infoAboutUser	http://localhost:3001
20221122	21:12:03	3f19708a-38a1-4bf7-a1d9-f3825820b25a	Error: ENOENT: no such file or directory, stat 'C:\Users\Windows 10\Desktop\react-forum\backend\views\404.html'	GET	/api/ucp/users/infoAboutUser	http://localhost:3001
20221122	21:12:57	950cd0c2-1c96-450f-b4e7-c10b57af5758	Error: ENOENT: no such file or directory, stat 'C:\Users\Windows 10\Desktop\react-forum\backend\views\404.html'	GET	/api/ucp/users/infoAboutUser	http://localhost:3001
20221122	21:14:04	1db7ef07-cd18-419e-94ec-b5973568bac4	Error: ENOENT: no such file or directory, stat 'C:\Users\Windows 10\Desktop\react-forum\backend\views\404.html'	GET	/api/ucp/users/infoAboutUser	http://localhost:3001
20221122	21:14:10	9a5afc1b-0e58-4664-8bd0-1110c9a79295	Error: ENOENT: no such file or directory, stat 'C:\Users\Windows 10\Desktop\react-forum\backend\views\404.html'	GET	/api/ucp/users/infoAboutUser	http://localhost:3001
20221122	21:21:26	5134ce91-8be7-435f-bb9f-df47d5fd10a5	Error: ENOENT: no such file or directory, stat 'C:\Users\Windows 10\Desktop\react-forum\backend\views\404.html'	GET	/api/ucp/users/infoAboutUser	http://localhost:3001
20221122	21:21:27	78e82970-7194-4e83-99b1-c4c38991463e	Error: ENOENT: no such file or directory, stat 'C:\Users\Windows 10\Desktop\react-forum\backend\views\404.html'	GET	/api/ucp/users/infoAboutUser	http://localhost:3001
20221122	21:21:34	ef579270-a831-497d-bc17-028af6b0a321	Error: Failed to deserialize user out of session	GET	/api/ucp/users/infoAboutUser	http://localhost:3001
20221122	21:22:09	b6c64847-8fae-4ebe-a332-fad06a389031	Error: Failed to deserialize user out of session	GET	/api/ucp/users/infoAboutUser	http://localhost:3001
20221122	23:38:31	bfac634e-b0d0-40e3-b522-1ed2c64fc586	Error: Failed to deserialize user out of session	GET	/api/users/newsList	http://localhost:3000
20221122	23:47:42	21d92141-1813-4f38-bc67-5b4e115e358d	Error: ENOENT: no such file or directory, stat 'C:\Users\Windows 10\Desktop\react-forum\backend\views\404.html'	GET	/api/ucp/users/infoAboutUser	http://localhost:3001
20221122	23:47:57	5dd9dbc7-934f-4384-aeef-0e49be5cbf92	Error: ENOENT: no such file or directory, stat 'C:\Users\Windows 10\Desktop\react-forum\backend\views\404.html'	GET	/api/ucp/users/infoAboutUser	http://localhost:3001
20221122	23:48:04	8bb699cf-11de-45eb-8b59-f182ff70782e	Error: Failed to deserialize user out of session	GET	/api/ucp/users/infoAboutUser	http://localhost:3001
20221122	23:50:17	26660dd6-a434-49ba-8915-2d1ef3e83e8c	Error: Login sessions require session support. Did you forget to use `express-session` middleware?	GET	/api/ucp/users/infoAboutUser	http://localhost:3001
20221122	23:50:18	42b6211a-c00b-45ec-87a8-d59e139f1234	Error: Login sessions require session support. Did you forget to use `express-session` middleware?	GET	/api/ucp/users/infoAboutUser	http://localhost:3001
20221122	23:50:49	a83e380e-7805-4feb-a1cb-be07c4d51586	Error: ENOENT: no such file or directory, stat 'C:\Users\Windows 10\Desktop\react-forum\backend\views\404.html'	GET	/api/ucp/users/infoAboutUser	http://localhost:3001
20221122	23:50:50	f080edd3-fe08-496c-9a0a-317d4d73594d	Error: ENOENT: no such file or directory, stat 'C:\Users\Windows 10\Desktop\react-forum\backend\views\404.html'	GET	/api/ucp/users/infoAboutUser	http://localhost:3001
20221122	23:50:58	49193961-170a-4422-8026-55aaba7f4863	Error: Failed to deserialize user out of session	GET	/api/ucp/users/infoAboutUser	http://localhost:3001
20221122	23:51:16	2364be06-a959-4cab-ba0c-29b40e355bfe	Error: Failed to deserialize user out of session	GET	/api/ucp/users/infoAboutUser	http://localhost:3001
20221122	23:51:32	96795fd6-3f22-4263-b202-1f0c072ad072	Error: Failed to deserialize user out of session	GET	/api/ucp/users/infoAboutUser	http://localhost:3001
20221122	23:51:38	37bcd335-3776-433a-9e0d-576fdc1c7f24	Error: ENOENT: no such file or directory, stat 'C:\Users\Windows 10\Desktop\react-forum\backend\views\404.html'	GET	/api/ucp/users/infoAboutUser	http://localhost:3001
20221122	23:51:46	4f37989d-5e89-49da-8417-0eb46d04049a	Error: Failed to deserialize user out of session	GET	/api/ucp/users/infoAboutUser	http://localhost:3001
20221122	23:57:41	db72b199-464e-45bc-afe5-28808543b164	Error: ENOENT: no such file or directory, stat 'C:\Users\Windows 10\Desktop\react-forum\backend\views\404.html'	GET	/api/ucp/users/infoAboutUser	http://localhost:3001
20221122	23:57:42	d224d3eb-ca7d-4491-9398-4fca36188d8d	Error: ENOENT: no such file or directory, stat 'C:\Users\Windows 10\Desktop\react-forum\backend\views\404.html'	GET	/api/ucp/users/infoAboutUser	http://localhost:3001
20221122	23:57:49	7fff5c10-d24f-4ce1-94f1-87fd96cf463e	Error: Failed to deserialize user out of session	GET	/api/ucp/users/infoAboutUser	http://localhost:3001
20221122	23:58:26	7edd71c3-4ca0-4edf-be3e-d90b9bb76b2e	Error: ENOENT: no such file or directory, stat 'C:\Users\Windows 10\Desktop\react-forum\backend\views\404.html'	GET	/api/ucp/users/infoAboutUser	http://localhost:3001
20221122	23:58:29	9fd77ae7-37a4-41af-add1-d758e9e20e15	Error: ENOENT: no such file or directory, stat 'C:\Users\Windows 10\Desktop\react-forum\backend\views\404.html'	GET	/api/ucp/users/infoAboutUser	http://localhost:3001
20221122	23:58:37	04b8036f-3283-48af-967b-610c0805ee5c	Error: ENOENT: no such file or directory, stat 'C:\Users\Windows 10\Desktop\react-forum\backend\views\404.html'	GET	/api/ucp/users/infoAboutUser	http://localhost:3001
20221122	23:58:44	77936472-3677-439b-876c-3878d4caafbf	Error: ENOENT: no such file or directory, stat 'C:\Users\Windows 10\Desktop\react-forum\backend\views\404.html'	GET	/api/ucp/users/infoAboutUser	http://localhost:3001
20221122	23:59:00	32a3267b-06d4-497a-b719-758913109c6d	Error: ENOENT: no such file or directory, stat 'C:\Users\Windows 10\Desktop\react-forum\backend\views\404.html'	GET	/api/ucp/users/infoAboutUser	http://localhost:3001
20221122	23:59:03	9eec900c-8a07-43bf-968b-c2a1a546d7a4	Error: ENOENT: no such file or directory, stat 'C:\Users\Windows 10\Desktop\react-forum\backend\views\404.html'	GET	/api/ucp/users/infoAboutUser	http://localhost:3001
20221122	23:59:09	106c3a0d-fb4f-4d1b-8658-bdc7ce2f4871	Error: ENOENT: no such file or directory, stat 'C:\Users\Windows 10\Desktop\react-forum\backend\views\404.html'	GET	/api/ucp/users/infoAboutUser	http://localhost:3001
20221123	00:00:08	5ffa2c25-7257-4862-8069-c3e50a90324d	Error: Failed to deserialize user out of session	GET	/api/ucp/users/infoAboutUser	http://localhost:3001
20221123	00:00:10	56d20536-a2b7-498c-94a7-dd3e17656ebd	Error: Failed to deserialize user out of session	GET	/api/ucp/users/infoAboutUser	http://localhost:3001
20221123	00:01:11	10cf5d88-7582-47ec-ae85-587a37a9263b	Error: ENOENT: no such file or directory, stat 'C:\Users\Windows 10\Desktop\react-forum\backend\views\404.html'	GET	/api/ucp/users/infoAboutUser	http://localhost:3001
20221123	00:01:18	3b4ae03c-4f00-4c9e-bc7b-8858841ed6b7	Error: ENOENT: no such file or directory, stat 'C:\Users\Windows 10\Desktop\react-forum\backend\views\404.html'	GET	/api/ucp/users/infoAboutUser	http://localhost:3001
20221123	00:02:07	f036226c-dea1-4f69-bf38-64704844b33e	Error: ENOENT: no such file or directory, stat 'C:\Users\Windows 10\Desktop\react-forum\backend\views\404.html'	GET	/api/ucp/users/infoAboutUser	http://localhost:3001
20221123	00:02:23	70f5068a-8814-4003-a6b7-590cae3fc845	Error: ENOENT: no such file or directory, stat 'C:\Users\Windows 10\Desktop\react-forum\backend\views\404.html'	GET	/api/ucp/users/infoAboutUser	http://localhost:3001
20221123	00:28:29	86dcbeb8-b3de-4d41-9bd2-e4e40fa57b46	Error: ENOENT: no such file or directory, stat 'C:\Users\Windows 10\Desktop\react-forum\backend\views\404.html'	GET	/api/ucp/users/infoAboutUser	http://localhost:3001
